#-----------------------------------------------------------
# PlanAhead v14.7 (64-bit)
# Build 321239 by xbuild on Fri Sep 27 19:29:51 MDT 2013
# Start of session at: Fri Mar 27 13:43:34 2020
# Process ID: 7504
# Log file: D:/abDATA/PLD/calculator/planAhead_run_1/planAhead.log
# Journal file: D:/abDATA/PLD/calculator/planAhead_run_1/planAhead.jou
#-----------------------------------------------------------
INFO: [Common 17-78] Attempting to get a license: PlanAhead
INFO: [Common 17-290] Got license for PlanAhead
INFO: [Common 17-86] Your PlanAhead license expires in -970 day(s)
INFO: [Device 21-36] Loading parts and site information from C:/Xilinx/14.7/ISE_DS/PlanAhead/data/parts/arch.xml
Parsing RTL primitives file [C:/Xilinx/14.7/ISE_DS/PlanAhead/data/parts/xilinx/rtl/prims/rtl_prims.xml]
Finished parsing RTL primitives file [C:/Xilinx/14.7/ISE_DS/PlanAhead/data/parts/xilinx/rtl/prims/rtl_prims.xml]
start_gui
source D:/abDATA/PLD/calculator/pa.fromNetlist.tcl
# create_project -name calculator -dir "D:/abDATA/PLD/calculator/planAhead_run_2" -part xc3s500efg320-4
# set_property design_mode GateLvl [get_property srcset [current_run -impl]]
# set_property edif_top_file "D:/abDATA/PLD/calculator/calculator.ngc" [ get_property srcset [ current_run ] ]
WARNING: [Designutils 20-342] File / dir doesn't exist, skipping: D:/abDATA/PLD/calculator/calculator.ngc
# add_files -norecurse { {D:/abDATA/PLD/calculator} }
# set_property target_constrs_file "calculator.ucf" [current_fileset -constrset]
Adding file 'D:/abDATA/PLD/calculator/calculator.ucf' to fileset 'constrs_1'
# add_files [list {calculator.ucf}] -fileset [get_property constrset [current_run]]
# link_design
Design is defaulting to srcset: sources_1
Design is defaulting to constrset: constrs_1
Design is defaulting to project part: xc3s500efg320-4
ERROR: [Designutils 20-396] Could not read top design file [D:/abDATA/PLD/calculator/calculator.ngc] because this file does not exist

    while executing
"link_design"
    (file "D:/abDATA/PLD/calculator/pa.fromNetlist.tcl" line 10)
exit
ERROR: [PlanAhead 12-106] *** Exception: ui.h.b: Found deleted key in HTclEventBroker. Verify if the classes listed here call cleanup()
HTclEvent: SIGNAL_MODIFY   Classes: ui.views.aR 
HTclEvent: SIGNAL_BUS_MODIFY   Classes: ui.views.aR 
HTclEvent: DEBUG_CORE_CONFIG_CHANGE   Classes: ui.views.aR 
HTclEvent: DEBUG_PORT_CONFIG_CHANGE   Classes: ui.views.aR 
 (See D:/abDATA/PLD/calculator\planAhead_pid7504.debug)
ERROR: [Common 17-39] 'stop_gui' failed due to earlier errors.
INFO: [Common 17-206] Exiting PlanAhead at Fri Mar 27 13:44:21 2020...
INFO: [Common 17-83] Releasing license: PlanAhead
